Build started 12/6/2013 4:48:43 PM.
     1>Project "Z:\Documents\Current\DSAII\OrBITS\OrBITS\OrBITS.vcxproj" on node 2 (Build target(s)).
     1>ClCompile:
         C:\Program Files (x86)\Microsoft Visual Studio 11.0\VC\bin\CL.exe /c /I\\banner.main.ad.rit.edu\students\twb1193\IGMProfile\Desktop\GitHub\orbits\1.7.3.0\include /ZI /nologo /W3 /WX- /sdl /Od /Oy- /D _MBCS /Gm /EHsc /RTC1 /MDd /GS /fp:precise /Zc:wchar_t /Zc:forScope /Fo"Debug\\" /Fd"Debug\vc110.pdb" /Gd /TP /analyze- /errorReport:prompt AABB.cpp Button.cpp Camera.cpp Cube.cpp InitShader.cpp Matrix3.cpp Matrix4.cpp Shape.cpp Source.cpp Sphere.cpp Vector3.cpp Vector4.cpp
         Vector4.cpp
         Vector3.cpp
         Sphere.cpp
     1>z:\documents\current\dsaii\orbits\orbits\sphere.cpp(125): warning C4018: '<' : signed/unsigned mismatch
     1>z:\documents\current\dsaii\orbits\orbits\sphere.cpp(127): warning C4018: '<' : signed/unsigned mismatch
     1>z:\documents\current\dsaii\orbits\orbits\sphere.cpp(129): warning C4018: '<' : signed/unsigned mismatch
         Source.cpp
     1>z:\documents\current\dsaii\orbits\orbits\source.cpp(3): fatal error C1083: Cannot open include file: 'Camera.h': No such file or directory
         Shape.cpp
         Matrix4.cpp
     1>z:\documents\current\dsaii\orbits\orbits\matrix4.cpp(339): warning C4244: 'initializing' : conversion from 'double' to 'float', possible loss of data
         Matrix3.cpp
         InitShader.cpp
         Cube.cpp
         Camera.cpp
     1>c1xx : fatal error C1083: Cannot open source file: 'Camera.cpp': No such file or directory
         Button.cpp
     1>c1xx : fatal error C1083: Cannot open source file: 'Button.cpp': No such file or directory
         AABB.cpp
         Generating Code...
     1>Done Building Project "Z:\Documents\Current\DSAII\OrBITS\OrBITS\OrBITS.vcxproj" (Build target(s)) -- FAILED.

Build FAILED.

Time Elapsed 00:00:15.55
