Z:\DOCUMENTS\CURRENT\DSAII\ORBITS\ORBITS\DEBUG\AABB.OBJ
Z:\DOCUMENTS\CURRENT\DSAII\ORBITS\ORBITS\DEBUG\BEZIERSURFACE.OBJ
Z:\DOCUMENTS\CURRENT\DSAII\ORBITS\ORBITS\DEBUG\BODY.OBJ
Z:\DOCUMENTS\CURRENT\DSAII\ORBITS\ORBITS\DEBUG\BUTTON.OBJ
Z:\DOCUMENTS\CURRENT\DSAII\ORBITS\ORBITS\DEBUG\CAMERA.OBJ
Z:\DOCUMENTS\CURRENT\DSAII\ORBITS\ORBITS\DEBUG\CUBE.OBJ
Z:\DOCUMENTS\CURRENT\DSAII\ORBITS\ORBITS\DEBUG\INITSHADER.OBJ
Z:\DOCUMENTS\CURRENT\DSAII\ORBITS\ORBITS\DEBUG\MATRIX3.OBJ
Z:\DOCUMENTS\CURRENT\DSAII\ORBITS\ORBITS\DEBUG\MATRIX4.OBJ
Z:\DOCUMENTS\CURRENT\DSAII\ORBITS\ORBITS\DEBUG\SHAPE.OBJ
Z:\DOCUMENTS\CURRENT\DSAII\ORBITS\ORBITS\DEBUG\SOURCE.OBJ
Z:\DOCUMENTS\CURRENT\DSAII\ORBITS\ORBITS\DEBUG\SPHERE.OBJ
Z:\DOCUMENTS\CURRENT\DSAII\ORBITS\ORBITS\DEBUG\VECTOR3.OBJ
Z:\DOCUMENTS\CURRENT\DSAII\ORBITS\ORBITS\DEBUG\VECTOR4.OBJ
Z:\DOCUMENTS\CURRENT\DSAII\ORBITS\ORBITS\DEBUG\VC110.PDB
Z:\DOCUMENTS\CURRENT\DSAII\ORBITS\DEBUG\ORBITS.ILK
Z:\DOCUMENTS\CURRENT\DSAII\ORBITS\DEBUG\ORBITS.EXE
Z:\DOCUMENTS\CURRENT\DSAII\ORBITS\DEBUG\ORBITS.PDB
Z:\Documents\Current\DSAII\OrBITS\OrBITS\Debug\AABB.obj
Z:\Documents\Current\DSAII\OrBITS\OrBITS\Debug\BezierSurface.obj
Z:\Documents\Current\DSAII\OrBITS\OrBITS\Debug\Body.obj
Z:\Documents\Current\DSAII\OrBITS\OrBITS\Debug\Button.obj
Z:\Documents\Current\DSAII\OrBITS\OrBITS\Debug\Camera.obj
Z:\Documents\Current\DSAII\OrBITS\OrBITS\Debug\Cube.obj
Z:\Documents\Current\DSAII\OrBITS\OrBITS\Debug\InitShader.obj
Z:\Documents\Current\DSAII\OrBITS\OrBITS\Debug\Matrix3.obj
Z:\Documents\Current\DSAII\OrBITS\OrBITS\Debug\Matrix4.obj
Z:\Documents\Current\DSAII\OrBITS\OrBITS\Debug\Shape.obj
Z:\Documents\Current\DSAII\OrBITS\OrBITS\Debug\Source.obj
Z:\Documents\Current\DSAII\OrBITS\OrBITS\Debug\Sphere.obj
Z:\Documents\Current\DSAII\OrBITS\OrBITS\Debug\Vector3.obj
Z:\Documents\Current\DSAII\OrBITS\OrBITS\Debug\Vector4.obj
Z:\Documents\Current\DSAII\OrBITS\OrBITS\Debug\CL.read.1.tlog
Z:\Documents\Current\DSAII\OrBITS\OrBITS\Debug\CL.write.1.tlog
Z:\Documents\Current\DSAII\OrBITS\OrBITS\Debug\cl.command.1.tlog
Z:\Documents\Current\DSAII\OrBITS\OrBITS\Debug\link-rc.read.1.tlog
Z:\Documents\Current\DSAII\OrBITS\OrBITS\Debug\link-rc.write.1.tlog
Z:\Documents\Current\DSAII\OrBITS\OrBITS\Debug\link-cvtres.read.1.tlog
Z:\Documents\Current\DSAII\OrBITS\OrBITS\Debug\link-cvtres.write.1.tlog
Z:\Documents\Current\DSAII\OrBITS\OrBITS\Debug\link.read.1.tlog
Z:\Documents\Current\DSAII\OrBITS\OrBITS\Debug\link.write.1.tlog
Z:\Documents\Current\DSAII\OrBITS\OrBITS\Debug\link.command.1.tlog
Z:\Documents\Current\DSAII\OrBITS\OrBITS\Debug\vc110.idb
Z:\Documents\Current\DSAII\OrBITS\OrBITS\Debug\vc110.pdb
Z:\Documents\Current\DSAII\OrBITS\Debug\OrBITS.pdb
Z:\Documents\Current\DSAII\OrBITS\Debug\OrBITS.exe
Z:\Documents\Current\DSAII\OrBITS\Debug\OrBITS.ilk
